<?xml version="1.0" encoding="utf-8"?><testsuites name="pytest tests"><testsuite name="pytest" errors="0" failures="1" skipped="0" tests="18" time="13.461" timestamp="2026-09-05T13:32:46.780310+00:00" hostname="agent-env-c0914861-33b0-4eec-a6d2-40376c8f5d3f"><testcase classname="tests.test_backend_api" name="test_root" time="0.229" /><testcase classname="tests.test_backend_api" name="test_status" time="0.057" /><testcase classname="tests.test_backend_api" name="test_config" time="0.051" /><testcase classname="tests.test_backend_api" name="test_chart_valid[M5]" time="0.047" /><testcase classname="tests.test_backend_api" name="test_chart_valid[H1]" time="0.054" /><testcase classname="tests.test_backend_api" name="test_chart_valid[H4]" time="0.053" /><testcase classname="tests.test_backend_api" name="test_chart_valid[D1]" time="0.053" /><testcase classname="tests.test_backend_api" name="test_chart_invalid_tf" time="0.047" /><testcase classname="tests.test_backend_api" name="test_analysis" time="0.052"><failure message="AssertionError: assert 'consensus' in {'time': '2026-09-07T00:00:00.662541+00:00', 'session': 'asian', 'bias': {'direction': 'long', 'strength': 0.2044, 'd1': 'long', 'h4': 'long', ...}, 'structure': {'direction': 'long', 'score': 0.1926, 'confidence': 0.3211, 'aligned': 3, ...}, ...}">tests/test_backend_api.py:95: in test_analysis
    assert k in d
E   AssertionError: assert 'consensus' in {'time': '2026-09-07T00:00:00.662541+00:00', 'session': 'asian', 'bias': {'direction': 'long', 'strength': 0.2044, 'd1': 'long', 'h4': 'long', ...}, 'structure': {'direction': 'long', 'score': 0.1926, 'confidence': 0.3211, 'aligned': 3, ...}, ...}</failure></testcase><testcase classname="tests.test_backend_api" name="test_news" time="0.055" /><testcase classname="tests.test_backend_api" name="test_news_manual_blocks" time="0.106" /><testcase classname="tests.test_backend_api" name="test_news_interpret" time="4.774" /><testcase classname="tests.test_backend_api" name="test_auto_trade_toggle" time="0.197" /><testcase classname="tests.test_backend_api" name="test_trades_list" time="0.065" /><testcase classname="tests.test_backend_api" name="test_trades_filters" time="0.297" /><testcase classname="tests.test_backend_api" name="test_trades_stats" time="0.046" /><testcase classname="tests.test_backend_api" name="test_backtest_full_flow" time="6.465" /><testcase classname="tests.test_backend_api" name="test_websocket_stream" time="0.237" /></testsuite></testsuites>